SF:lib\models\user.dart
DA:8,2
DA:16,1
DA:17,1
DA:18,1
DA:19,1
DA:20,1
DA:21,1
DA:22,1
DA:26,1
DA:27,1
DA:28,1
DA:29,1
DA:30,1
DA:31,1
DA:32,1
DA:36,0
DA:42,0
DA:43,0
DA:44,0
DA:45,0
DA:46,0
DA:47,0
LF:22
LH:15
end_of_record
SF:lib\services\simple_firebase_auth_service.dart
DA:7,1
DA:9,1
DA:10,0
DA:13,0
DA:14,0
DA:15,0
DA:16,0
DA:19,0
DA:21,1
DA:22,0
DA:26,1
DA:27,1
DA:28,1
DA:29,1
DA:30,0
DA:34,0
DA:37,0
DA:38,0
DA:43,2
DA:49,1
DA:52,1
DA:53,0
DA:56,0
DA:57,0
DA:62,1
DA:63,0
DA:67,1
DA:68,1
DA:69,1
DA:70,1
DA:71,0
DA:74,0
DA:77,0
DA:78,0
DA:83,2
DA:89,1
DA:91,1
DA:92,0
DA:94,2
DA:99,1
DA:101,1
DA:102,0
DA:104,1
DA:105,0
DA:111,1
DA:113,1
DA:115,2
DA:124,1
DA:126,1
DA:129,0
DA:130,0
DA:131,0
DA:132,0
DA:136,2
DA:137,0
DA:140,2
DA:146,1
DA:148,1
DA:151,0
DA:152,0
DA:153,0
DA:154,0
DA:157,2
DA:162,1
DA:164,1
DA:166,2
LF:66
LH:35
end_of_record
SF:lib\main.dart
DA:10,0
DA:11,0
DA:14,0
DA:15,0
DA:17,0
DA:26,0
DA:30,2
DA:32,1
DA:34,0
DA:36,1
DA:37,1
DA:55,1
DA:56,1
DA:62,0
DA:63,1
DA:64,0
DA:65,0
DA:69,0
LF:18
LH:7
end_of_record
SF:lib\firebase_options.dart
DA:18,0
DA:22,0
DA:23,0
DA:25,0
DA:27,0
DA:29,0
DA:31,0
DA:32,0
DA:37,0
LF:9
LH:0
end_of_record
SF:lib\screens\login_screen.dart
DA:9,2
DA:11,0
DA:12,0
DA:22,0
DA:24,0
DA:27,0
DA:28,0
DA:29,0
DA:33,0
DA:34,0
DA:36,0
DA:39,0
DA:40,0
DA:41,0
DA:44,0
DA:47,0
DA:48,0
DA:51,0
DA:59,0
DA:60,0
DA:65,0
DA:67,0
DA:68,0
DA:69,0
DA:70,0
DA:72,0
DA:73,0
DA:74,0
DA:77,0
DA:81,0
DA:82,0
DA:88,0
DA:89,0
DA:92,0
DA:99,0
DA:100,0
DA:106,0
DA:107,0
DA:110,0
DA:117,0
DA:118,0
DA:119,0
DA:121,0
DA:130,0
DA:131,0
DA:132,0
DA:133,0
DA:134,0
DA:139,0
DA:140,0
DA:145,0
DA:146,0
DA:147,0
DA:148,0
DA:149,0
DA:164,0
DA:166,0
DA:167,0
DA:168,0
LF:59
LH:1
end_of_record
SF:lib\services\minimal_firebase_auth_service.dart
DA:8,0
DA:10,0
DA:13,0
DA:18,0
DA:20,0
DA:24,0
DA:28,0
DA:29,0
DA:31,0
DA:34,0
DA:38,0
DA:44,0
DA:46,0
DA:48,0
DA:53,0
DA:56,0
DA:62,0
DA:64,0
DA:65,0
DA:67,0
DA:72,0
DA:74,0
DA:75,0
DA:78,0
DA:84,0
DA:85,0
DA:89,0
DA:91,0
DA:94,0
DA:95,0
DA:96,0
DA:97,0
DA:101,0
DA:107,0
DA:109,0
DA:113,0
DA:114,0
DA:117,0
DA:119,0
LF:39
LH:0
end_of_record
SF:lib\screens\home_screen.dart
DA:13,2
DA:15,0
DA:16,0
DA:27,0
DA:29,0
DA:30,0
DA:31,0
DA:34,0
DA:36,0
DA:37,0
DA:40,0
DA:41,0
DA:43,0
DA:44,0
DA:45,0
DA:50,0
DA:51,0
DA:54,0
DA:55,0
DA:56,0
DA:57,0
DA:61,0
DA:62,0
DA:63,0
DA:66,0
DA:67,0
DA:68,0
DA:71,0
DA:72,0
DA:73,0
DA:76,0
DA:77,0
DA:78,0
DA:81,0
DA:82,0
DA:83,0
DA:85,0
DA:86,0
DA:90,0
DA:91,0
DA:93,0
DA:94,0
DA:96,0
DA:97,0
DA:98,0
DA:99,0
DA:100,0
DA:108,0
DA:109,0
DA:110,0
DA:111,0
DA:112,0
DA:113,0
DA:115,0
DA:116,0
DA:117,0
DA:123,0
DA:125,0
DA:133,0
DA:134,0
DA:142,0
DA:143,0
DA:145,0
DA:149,0
DA:150,0
DA:166,0
DA:167,0
DA:168,0
DA:169,0
DA:173,0
DA:174,0
DA:175,0
LF:72
LH:1
end_of_record
SF:lib\models\todo.dart
DA:12,0
DA:24,0
DA:25,0
DA:26,0
DA:27,0
DA:28,0
DA:29,0
DA:30,0
DA:31,0
DA:32,0
DA:33,0
DA:34,0
DA:38,0
DA:39,0
DA:40,0
DA:41,0
DA:42,0
DA:43,0
DA:44,0
DA:45,0
DA:46,0
DA:47,0
DA:48,0
DA:49,0
DA:51,0
DA:52,0
DA:56,0
DA:64,0
DA:65,0
DA:66,0
DA:67,0
DA:68,0
DA:69,0
DA:70,0
DA:71,0
DA:72,0
DA:73,0
LF:37
LH:0
end_of_record
SF:lib\services\todo_service.dart
DA:10,0
DA:11,0
DA:12,0
DA:14,0
DA:15,0
DA:18,0
DA:21,0
DA:22,0
DA:25,0
DA:28,0
DA:29,0
DA:32,0
DA:33,0
DA:37,0
DA:39,0
DA:42,0
DA:43,0
DA:45,0
DA:48,0
DA:49,0
DA:50,0
DA:51,0
DA:54,0
DA:55,0
DA:56,0
DA:57,0
DA:60,0
DA:61,0
DA:62,0
DA:63,0
DA:64,0
DA:65,0
DA:69,0
DA:70,0
DA:71,0
DA:72,0
DA:73,0
DA:74,0
DA:79,0
DA:80,0
DA:81,0
DA:84,0
DA:87,0
DA:88,0
LF:44
LH:0
end_of_record
SF:lib\widgets\todo_item.dart
DA:14,0
DA:22,0
DA:23,0
DA:24,0
DA:32,0
DA:34,0
DA:35,0
DA:36,0
DA:37,0
DA:38,0
DA:39,0
DA:40,0
DA:41,0
DA:42,0
DA:43,0
DA:46,0
DA:47,0
DA:52,0
DA:53,0
DA:54,0
DA:55,0
DA:69,0
DA:71,0
DA:73,0
DA:74,0
DA:75,0
DA:88,0
DA:89,0
DA:91,0
DA:92,0
DA:93,0
DA:98,0
DA:102,0
DA:103,0
DA:105,0
DA:108,0
DA:109,0
DA:110,0
DA:113,0
DA:114,0
DA:115,0
DA:122,0
DA:123,0
DA:129,0
DA:131,0
DA:132,0
DA:133,0
DA:134,0
DA:135,0
DA:144,0
DA:145,0
DA:146,0
DA:147,0
DA:149,0
DA:150,0
DA:151,0
DA:152,0
DA:155,0
DA:157,0
DA:158,0
DA:159,0
DA:162,0
DA:163,0
DA:165,0
DA:166,0
DA:170,0
DA:171,0
DA:172,0
DA:184,0
DA:185,0
DA:187,0
DA:188,0
DA:194,0
DA:195,0
DA:196,0
DA:201,0
DA:203,0
DA:204,0
DA:206,0
DA:207,0
DA:214,0
DA:216,0
DA:223,0
DA:225,0
DA:226,0
DA:228,0
LF:86
LH:0
end_of_record
SF:lib\widgets\add_todo_form.dart
DA:13,0
DA:19,0
DA:20,0
DA:32,0
DA:33,0
DA:34,0
DA:35,0
DA:36,0
DA:37,0
DA:41,0
DA:42,0
DA:44,0
DA:48,0
DA:49,0
DA:50,0
DA:51,0
DA:52,0
DA:53,0
DA:54,0
DA:61,0
DA:62,0
DA:63,0
DA:64,0
DA:65,0
DA:66,0
DA:67,0
DA:68,0
DA:69,0
DA:70,0
DA:71,0
DA:72,0
DA:73,0
DA:74,0
DA:75,0
DA:76,0
DA:79,0
DA:80,0
DA:83,0
DA:84,0
DA:89,0
DA:90,0
DA:91,0
DA:92,0
DA:93,0
DA:107,0
DA:109,0
DA:111,0
DA:112,0
DA:113,0
DA:126,0
DA:127,0
DA:128,0
DA:133,0
DA:134,0
DA:135,0
DA:144,0
DA:145,0
DA:146,0
DA:147,0
DA:148,0
DA:150,0
DA:151,0
DA:152,0
DA:153,0
DA:156,0
DA:157,0
DA:160,0
DA:162,0
DA:163,0
DA:164,0
DA:166,0
DA:181,0
DA:182,0
DA:184,0
DA:189,0
DA:190,0
DA:191,0
DA:195,0
DA:197,0
DA:199,0
DA:200,0
DA:201,0
DA:209,0
DA:210,0
DA:219,0
DA:220,0
DA:222,0
DA:223,0
DA:224,0
DA:225,0
DA:227,0
DA:232,0
DA:233,0
DA:235,0
DA:238,0
DA:242,0
DA:243,0
DA:245,0
DA:246,0
DA:247,0
DA:251,0
DA:252,0
DA:253,0
DA:254,0
DA:256,0
DA:269,0
DA:271,0
DA:272,0
DA:273,0
DA:274,0
LF:110
LH:0
end_of_record
SF:lib\screens\profile_screen.dart
DA:10,1
DA:12,0
DA:13,0
DA:22,0
DA:24,0
DA:25,0
DA:28,0
DA:29,0
DA:31,0
DA:32,0
DA:33,0
DA:38,0
DA:40,0
DA:43,0
DA:44,0
DA:45,0
DA:47,0
DA:48,0
DA:49,0
DA:50,0
DA:59,0
DA:60,0
DA:67,0
DA:70,0
DA:71,0
DA:72,0
DA:74,0
DA:77,0
DA:78,0
DA:81,0
DA:82,0
DA:84,0
DA:85,0
DA:92,0
DA:93,0
DA:98,0
DA:99,0
DA:102,0
DA:104,0
DA:105,0
DA:108,0
DA:109,0
DA:111,0
DA:112,0
DA:116,0
DA:120,0
DA:122,0
DA:126,0
DA:128,0
DA:130,0
DA:131,0
DA:133,0
DA:134,0
DA:136,0
DA:137,0
DA:138,0
DA:140,0
DA:144,0
DA:145,0
DA:146,0
DA:153,0
DA:154,0
DA:155,0
DA:158,0
DA:159,0
DA:167,0
DA:169,0
DA:170,0
DA:171,0
DA:174,0
DA:184,0
DA:186,0
DA:187,0
LF:73
LH:1
end_of_record
SF:lib\widgets\app_logo.dart
DA:6,3
DA:11,0
DA:13,0
DA:15,0
DA:16,0
DA:17,0
DA:18,0
DA:19,0
DA:20,0
DA:23,0
DA:25,0
DA:30,0
DA:32,0
DA:33,0
DA:35,0
LF:15
LH:1
end_of_record
SF:lib\screens\register_screen.dart
DA:7,1
DA:9,0
DA:10,0
DA:22,0
DA:23,0
DA:25,0
DA:27,0
DA:28,0
DA:29,0
DA:30,0
DA:33,0
DA:35,0
DA:39,0
DA:47,0
DA:50,0
DA:52,0
DA:61,0
DA:63,0
DA:64,0
DA:65,0
DA:66,0
DA:68,0
DA:69,0
DA:70,0
DA:73,0
DA:74,0
DA:75,0
DA:76,0
DA:78,0
DA:92,0
DA:93,0
DA:100,0
DA:101,0
DA:108,0
DA:109,0
DA:116,0
DA:117,0
DA:120,0
DA:127,0
DA:128,0
DA:135,0
DA:136,0
DA:139,0
DA:146,0
DA:147,0
DA:154,0
DA:155,0
DA:158,0
DA:165,0
DA:166,0
DA:167,0
DA:169,0
DA:186,0
DA:188,0
DA:189,0
DA:190,0
DA:191,0
DA:192,0
LF:58
LH:1
end_of_record
SF:lib\screens\reset_password_screen.dart
DA:6,1
DA:8,0
DA:9,0
DA:18,0
DA:19,0
DA:21,0
DA:25,0
DA:27,0
DA:30,0
DA:38,0
DA:40,0
DA:48,0
DA:51,0
DA:52,0
DA:57,0
DA:59,0
DA:60,0
DA:61,0
DA:62,0
DA:64,0
DA:65,0
DA:66,0
DA:69,0
DA:70,0
DA:71,0
DA:72,0
DA:74,0
DA:94,0
DA:95,0
DA:101,0
DA:102,0
DA:105,0
DA:112,0
DA:113,0
DA:114,0
DA:116,0
DA:133,0
DA:135,0
DA:136,0
LF:39
LH:1
end_of_record
SF:lib\widgets\edit_todo_dialog.dart
DA:11,0
DA:17,0
DA:18,0
DA:29,0
DA:31,0
DA:32,0
DA:33,0
DA:34,0
DA:35,0
DA:36,0
DA:37,0
DA:40,0
DA:41,0
DA:42,0
DA:43,0
DA:46,0
DA:47,0
DA:48,0
DA:51,0
DA:52,0
DA:53,0
DA:60,0
DA:61,0
DA:62,0
DA:63,0
DA:67,0
DA:68,0
DA:69,0
DA:70,0
DA:71,0
DA:72,0
DA:76,0
DA:77,0
DA:79,0
DA:83,0
DA:84,0
DA:85,0
DA:86,0
DA:87,0
DA:88,0
DA:89,0
DA:96,0
DA:97,0
DA:98,0
DA:99,0
DA:100,0
DA:101,0
DA:102,0
DA:103,0
DA:104,0
DA:105,0
DA:106,0
DA:107,0
DA:108,0
DA:109,0
DA:110,0
DA:111,0
DA:114,0
DA:115,0
DA:118,0
DA:119,0
DA:124,0
DA:125,0
DA:126,0
DA:127,0
DA:128,0
DA:142,0
DA:144,0
DA:146,0
DA:147,0
DA:148,0
DA:161,0
DA:162,0
DA:163,0
DA:168,0
DA:170,0
DA:172,0
DA:174,0
DA:175,0
DA:176,0
DA:183,0
DA:184,0
DA:193,0
DA:194,0
DA:196,0
DA:197,0
DA:198,0
DA:199,0
DA:203,0
DA:204,0
DA:206,0
DA:210,0
DA:211,0
DA:213,0
DA:214,0
DA:215,0
DA:221,0
DA:222,0
DA:223,0
DA:226,0
DA:227,0
DA:228,0
DA:231,0
DA:232,0
DA:233,0
DA:234,0
DA:235,0
DA:236,0
DA:237,0
DA:238,0
DA:240,0
DA:248,0
DA:250,0
DA:251,0
DA:252,0
DA:253,0
LF:116
LH:0
end_of_record
